2025-09-21 21:17:27,120 - services.command_parser - INFO - Created parking of 5 slots
2025-09-21 21:17:27,481 - services.command_parser - INFO - Car with registration number "L-HH-123" has been parked at slot number 1
2025-09-21 21:17:27,572 - services.command_parser - INFO - Car with registration number "L-HH-999" has been parked at slot number 2
2025-09-21 21:17:27,664 - services.command_parser - INFO - Car with registration number "L-BB-001" has been parked at slot number 3
2025-09-21 21:17:27,665 - services.command_parser - INFO - Car 'L-HH-123' is at slot number 1
2025-09-21 21:17:27,747 - services.command_parser - INFO - Slot number 2 vacated, the car with registration number "L-HH-999" left the space
2025-09-21 21:17:27,748 - services.command_parser - INFO - All parked vehicles: L-BB-001,L-HH-123
2025-09-21 21:17:27,822 - services.command_parser - INFO - Car with registration number "L-HH-777" has been parked at slot number 2
2025-09-21 21:17:27,906 - services.command_parser - INFO - Car with registration number "L-HH-270" has been parked at slot number 4
2025-09-21 21:17:28,018 - services.command_parser - INFO - Car with registration number "L-HH-314" has been parked at slot number 5
2025-09-21 21:17:28,018 - services.command_parser - WARNING - Sorry, Parking Lot is full. No Parking Slots Available.
2025-09-21 21:20:00,536 - services.command_parser - INFO - Created parking of 5 slots
2025-09-21 21:20:00,537 - services.command_parser - ERROR - Error in query 'Park L-HH-123
': UNIQUE constraint failed: cars.vehicle_registration
2025-09-21 21:20:00,627 - services.command_parser - INFO - Car with registration number "L-HH-999" has been parked at slot number 2
2025-09-21 21:20:00,627 - services.command_parser - ERROR - Error in query 'Park L-BB-001
': UNIQUE constraint failed: cars.vehicle_registration
2025-09-21 21:20:00,628 - services.command_parser - INFO - Car 'L-HH-123' is at slot number 1
2025-09-21 21:20:00,721 - services.command_parser - INFO - Slot number 2 vacated, the car with registration number "L-HH-777" left the space
2025-09-21 21:20:00,722 - services.command_parser - INFO - All parked vehicles: L-BB-001,L-HH-123,L-HH-270,L-HH-314
2025-09-21 21:20:00,811 - services.command_parser - INFO - Car with registration number "L-HH-777" has been parked at slot number 2
2025-09-21 21:20:00,811 - services.command_parser - ERROR - Error in query 'Park L-HH-270
': UNIQUE constraint failed: cars.vehicle_registration
2025-09-21 21:20:00,812 - services.command_parser - ERROR - Error in query 'Park L-HH-314
': UNIQUE constraint failed: cars.vehicle_registration
2025-09-21 21:20:00,812 - services.command_parser - WARNING - Sorry, Parking Lot is full. No Parking Slots Available.
2025-09-21 21:20:44,467 - services.command_parser - INFO - Created parking of 5 slots
2025-09-21 21:20:44,568 - services.command_parser - INFO - Car with registration number "L-HH-123" has been parked at slot number 1
2025-09-21 21:20:44,659 - services.command_parser - INFO - Car with registration number "L-HH-999" has been parked at slot number 2
2025-09-21 21:20:44,750 - services.command_parser - INFO - Car with registration number "L-BB-001" has been parked at slot number 3
2025-09-21 21:20:44,751 - services.command_parser - INFO - Car 'L-HH-123' is at slot number 1
2025-09-21 21:20:44,825 - services.command_parser - INFO - Slot number 2 vacated, the car with registration number "L-HH-999" left the space
2025-09-21 21:20:44,826 - services.command_parser - INFO - All parked vehicles: L-BB-001,L-HH-123
2025-09-21 21:20:44,918 - services.command_parser - INFO - Car with registration number "L-HH-777" has been parked at slot number 2
2025-09-21 21:20:45,009 - services.command_parser - INFO - Car with registration number "L-HH-270" has been parked at slot number 4
2025-09-21 21:20:45,093 - services.command_parser - INFO - Car with registration number "L-HH-314" has been parked at slot number 5
2025-09-21 21:20:45,094 - services.command_parser - WARNING - Sorry, Parking Lot is full. No Parking Slots Available.
